2025-03-24 23:55:52,706 | buildingmotif.database.graph_connection |  DEBUG: Creating tables for graph storage
2025-03-24 23:56:28,424 | buildingmotif.database.table_connection |  DEBUG: Creating shape collection in library: 'http://data.ashrae.org/standard223/1.0/model/all'
2025-03-24 23:56:28,425 | buildingmotif.database.table_connection |  DEBUG: Creating database library: 'http://data.ashrae.org/standard223/1.0/model/all'
2025-03-24 23:56:28,643 | root |  WARNING: An ontology could not resolve a dependency on http://qudt.org/2.1/vocab/currency (Name: http://qudt.org/2.1/vocab/currency). Check this is loaded into BuildingMOTIF
2025-03-24 23:56:28,643 | root |  WARNING: An ontology could not resolve a dependency on http://data.ashrae.org/standard223/1.0/model/equipment (Name: http://data.ashrae.org/standard223/1.0/model/equipment). Check this is loaded into BuildingMOTIF
2025-03-24 23:56:28,643 | root |  WARNING: An ontology could not resolve a dependency on http://qudt.org/2.1/vocab/unit (Name: http://qudt.org/2.1/vocab/unit). Check this is loaded into BuildingMOTIF
2025-03-24 23:56:28,644 | root |  WARNING: An ontology could not resolve a dependency on http://data.ashrae.org/standard223/1.0/extensions/settings (Name: http://data.ashrae.org/standard223/1.0/extensions/settings). Check this is loaded into BuildingMOTIF
2025-03-24 23:56:28,644 | root |  WARNING: An ontology could not resolve a dependency on http://www.w3.org/ns/shacl# (Name: http://www.w3.org/ns/shacl#). Check this is loaded into BuildingMOTIF
2025-03-24 23:56:28,644 | root |  WARNING: An ontology could not resolve a dependency on http://qudt.org/2.1/vocab/constant (Name: http://qudt.org/2.1/vocab/constant). Check this is loaded into BuildingMOTIF
2025-03-24 23:56:28,644 | root |  WARNING: An ontology could not resolve a dependency on http://data.ashrae.org/standard223/1.0/model/core (Name: http://data.ashrae.org/standard223/1.0/model/core). Check this is loaded into BuildingMOTIF
2025-03-24 23:56:28,644 | root |  WARNING: An ontology could not resolve a dependency on http://data.ashrae.org/standard223/1.0/vocab/enumeration (Name: http://data.ashrae.org/standard223/1.0/vocab/enumeration). Check this is loaded into BuildingMOTIF
2025-03-24 23:56:28,673 | buildingmotif.database.table_connection |  DEBUG: Creating shape collection in model: 'http://example.com/hvac'
2025-03-24 23:56:28,673 | buildingmotif.database.table_connection |  DEBUG: Creating model: 'http://example.com/hvac', with graph: 'cb64d7b7-c2d3-4a63-8667-60c1a3de073c'
2025-03-24 23:56:28,674 | buildingmotif.database.graph_connection |  DEBUG: Creating graph: 'cb64d7b7-c2d3-4a63-8667-60c1a3de073c' in database with: 137 triples
2025-03-24 23:57:00,692 | buildingmotif.dataclasses.shape_collection |  WARNING: Could not resolve import of http://qudt.org/2.1/vocab/currency from Libraries (Name: http://qudt.org/2.1/vocab/currency). Trying shape collections
2025-03-24 23:57:00,695 | buildingmotif.dataclasses.shape_collection |  WARNING: Could not resolve import of http://qudt.org/2.1/vocab/currency from Libraries. Trying shape collections
2025-03-24 23:57:00,695 | buildingmotif.dataclasses.shape_collection |  WARNING: Could not resolve import of http://data.ashrae.org/standard223/1.0/model/equipment from Libraries (Name: http://data.ashrae.org/standard223/1.0/model/equipment). Trying shape collections
2025-03-24 23:57:00,696 | buildingmotif.dataclasses.shape_collection |  WARNING: Could not resolve import of http://data.ashrae.org/standard223/1.0/model/equipment from Libraries. Trying shape collections
2025-03-24 23:57:00,697 | buildingmotif.dataclasses.shape_collection |  WARNING: Could not resolve import of http://qudt.org/2.1/vocab/unit from Libraries (Name: http://qudt.org/2.1/vocab/unit). Trying shape collections
2025-03-24 23:57:00,698 | buildingmotif.dataclasses.shape_collection |  WARNING: Could not resolve import of http://qudt.org/2.1/vocab/unit from Libraries. Trying shape collections
2025-03-24 23:57:00,698 | buildingmotif.dataclasses.shape_collection |  WARNING: Could not resolve import of http://data.ashrae.org/standard223/1.0/extensions/settings from Libraries (Name: http://data.ashrae.org/standard223/1.0/extensions/settings). Trying shape collections
2025-03-24 23:57:00,699 | buildingmotif.dataclasses.shape_collection |  WARNING: Could not resolve import of http://data.ashrae.org/standard223/1.0/extensions/settings from Libraries. Trying shape collections
2025-03-24 23:57:00,699 | buildingmotif.dataclasses.shape_collection |  WARNING: Could not resolve import of http://www.w3.org/ns/shacl# from Libraries (Name: http://www.w3.org/ns/shacl#). Trying shape collections
2025-03-24 23:57:00,701 | buildingmotif.dataclasses.shape_collection |  WARNING: Could not resolve import of http://www.w3.org/ns/shacl# from Libraries. Trying shape collections
2025-03-24 23:57:00,701 | buildingmotif.dataclasses.shape_collection |  WARNING: Could not resolve import of http://qudt.org/2.1/vocab/constant from Libraries (Name: http://qudt.org/2.1/vocab/constant). Trying shape collections
2025-03-24 23:57:00,702 | buildingmotif.dataclasses.shape_collection |  WARNING: Could not resolve import of http://qudt.org/2.1/vocab/constant from Libraries. Trying shape collections
2025-03-24 23:57:00,702 | buildingmotif.dataclasses.shape_collection |  WARNING: Could not resolve import of http://data.ashrae.org/standard223/1.0/model/core from Libraries (Name: http://data.ashrae.org/standard223/1.0/model/core). Trying shape collections
2025-03-24 23:57:00,703 | buildingmotif.dataclasses.shape_collection |  WARNING: Could not resolve import of http://data.ashrae.org/standard223/1.0/model/core from Libraries. Trying shape collections
2025-03-24 23:57:00,703 | buildingmotif.dataclasses.shape_collection |  WARNING: Could not resolve import of http://data.ashrae.org/standard223/1.0/vocab/enumeration from Libraries (Name: http://data.ashrae.org/standard223/1.0/vocab/enumeration). Trying shape collections
2025-03-24 23:57:00,705 | buildingmotif.dataclasses.shape_collection |  WARNING: Could not resolve import of http://data.ashrae.org/standard223/1.0/vocab/enumeration from Libraries. Trying shape collections
2025-03-24 23:57:00,705 | buildingmotif.database.graph_connection |  DEBUG: Creating graph: '2442820e-15c1-474b-a011-6cf08f19689b' in database with: 0 triples
